<?xml version="1.0" encoding="UTF-8"?>
<!-- Generated by org.testng.reporters.JUnitReportReporter -->
<testsuite hostname="FFE-Subham-Vishwakarma" failures="0" tests="1" name="candidateInformation.OpenBrowserTest2" time="2.539" errors="0" timestamp="2024-07-11T23:46:56 IST" skipped="0">
  <testcase classname="candidateInformation.OpenBrowserTest2" name="sampleTest" time="2.539"/>
  <system-out/>
</testsuite> <!-- candidateInformation.OpenBrowserTest2 -->
