<?xml version="1.0" encoding="UTF-8"?>
<!-- Generated by org.testng.reporters.JUnitReportReporter -->
<testsuite hostname="FFE-Subham-Vishwakarma" failures="0" tests="1" name="candidateInformation.OpenBrowserTest" time="1.275" errors="0" timestamp="2024-07-11T23:46:56 IST" skipped="0">
  <testcase classname="candidateInformation.OpenBrowserTest" name="sampleTest" time="1.275"/>
  <system-out/>
</testsuite> <!-- candidateInformation.OpenBrowserTest -->
